4.421461561999999685e+04 9.581602167973500173e+00 1.961495999999999995e+01
4.499345298000000184e+04 8.062091827693478763e+00 3.654326999999999970e+01
4.585140630999999848e+04 6.503429926574426645e-01 1.809722999999999971e+01
4.608696680999999808e+04 -4.612721437681358339e+00 1.227830999999999939e+01
4.856055780000000232e+04 -4.914915894810064856e+00 1.018690999999999924e+01
4.877371401000000333e+04 1.288392293741296157e+00 1.031849000000000061e+01
4.914377504999999655e+04 4.685967445330163628e+00 9.992219999999999658e+00
5.187083924999999726e+04 2.314787043789415577e+00 7.658649999999999736e+00
5.228471018000000186e+04 -4.033137316912833725e+00 6.252609999999999779e+00
5.491976589000000240e+04 1.354702608524730678e+00 3.748050000000000104e+00
5.494130348999999842e+04 1.049192749298187621e+00 3.774249999999999883e+00
5.497067822000000160e+04 2.074831659280089724e-01 4.403550000000000075e+00
5.499931317000000126e+04 2.564147738787827535e-01 3.742649999999999810e+00
5.513597097999999824e+04 -4.488532971881831202e-02 3.624470000000000081e+00
5.515994602000000305e+04 -6.156003963434191206e-01 3.628649999999999931e+00
5.520861677999999665e+04 4.408928867488626224e-01 3.474819999999999798e+00
5.524562567000000126e+04 1.144080658187895949e-01 3.442480000000000206e+00
5.538966307999999844e+04 -6.555789930146378452e-01 3.370130000000000070e+00
5.671200516000000061e+04 -1.694079645591268779e+00 2.337050000000000072e+00
5.710074409000000014e+04 -2.493532044380170065e-02 2.206560000000000077e+00
5.774832001999999920e+04 1.274769375822191186e-01 1.114130000000000065e+00
5.781133769999999640e+04 1.315497295380731124e+00 1.707699999999999996e+00
5.781133769999999640e+04 -1.961127046192685519e-01 1.145189999999999930e+00
5.856125097999999707e+04 -2.008374563356526643e+00 2.630910000000000082e+00
5.888435291000000143e+04 2.937230693432093531e-01 1.608559999999999990e+00
