44214.61562 173.92261 19.61496
44993.45298 177.96632 36.54327
45851.40631 176.53112 18.09723
46086.96681 172.32606 12.27831
48560.55780 128.57224 10.18691
48773.71401 125.82715 10.31849
49143.77505 113.08806 9.99222
51870.83925 15.92409 7.65865
52284.71018 1.34173 6.25261
54919.76589 -11.80981 3.74805
54941.30349 -12.06537 3.77425
54970.67822 -12.83479 4.40355
54999.31317 -12.71081 3.74265
55135.97098 -12.59323 3.62447
55159.94602 -13.08037 3.62865
55208.61678 -11.84523 3.47482
55245.62567 -12.02795 3.44248
55389.66308 -12.17564 3.37013
56712.00516 -4.31873 2.33705
57100.74409 0.19188 2.20656
57748.32002 3.59271 1.11413
57811.33770 4.91979 1.70770
57811.33770 3.40818 1.14519
58561.25098 -0.92167 2.63091
58884.35291 -2.89215 1.60856
