300 30000.00 341.33270
301 30100.00 340.30806
302 30200.00 339.36607
303 30300.00 338.50543
304 30400.00 337.72488
305 30500.00 337.02308
306 30600.00 336.39871
307 30700.00 335.85041
308 30800.00 335.37680
309 30900.00 334.97644
310 31000.00 334.64790
311 31100.00 334.38968
312 31200.00 334.20026
313 31300.00 334.07805
314 31400.00 334.02144
315 31500.00 334.02874
316 31600.00 334.09821
317 31700.00 334.22804
318 31800.00 334.41633
319 31900.00 334.66111
320 32000.00 334.96032
321 32100.00 335.31180
322 32200.00 335.71327
323 32300.00 336.16233
324 32400.00 336.65644
325 32500.00 337.19293
326 32600.00 337.76895
327 32700.00 338.38149
328 32800.00 339.02734
329 32900.00 339.70307
330 33000.00 340.40504
331 33100.00 341.12933
332 33200.00 341.87178
333 33300.00 342.62792
334 33400.00 343.39294
335 33500.00 344.16170
336 33600.00 344.92869
337 33700.00 345.68798
338 33800.00 346.43320
339 33900.00 347.15753
340 34000.00 347.85364
341 34100.00 348.51369
342 34200.00 349.12928
343 34300.00 349.69145
344 34400.00 350.19065
345 34500.00 350.61673
346 34600.00 350.95896
347 34700.00 351.20605
348 34800.00 351.34615
349 34900.00 351.36698
350 35000.00 351.25584
351 35100.00 350.99979
352 35200.00 350.58578
353 35300.00 350.00087
354 35400.00 349.23243
355 35500.00 348.26848
356 35600.00 347.09794
357 35700.00 345.71104
358 35800.00 344.09963
359 35900.00 342.25758
360 36000.00 340.18110
361 36100.00 337.86899
362 36200.00 335.32291
363 36300.00 332.54747
364 36400.00 329.55019
365 36500.00 326.34146
366 36600.00 322.93424
367 36700.00 319.34379
368 36800.00 315.58719
369 36900.00 311.68294
370 37000.00 307.65043
371 37100.00 303.50951
372 37200.00 299.28002
373 37300.00 294.98141
374 37400.00 290.63243
375 37500.00 286.25087
376 37600.00 281.85339
377 37700.00 277.45540
378 37800.00 273.07096
379 37900.00 268.71282
380 38000.00 264.39241
381 38100.00 260.11987
382 38200.00 255.90416
383 38300.00 251.75310
384 38400.00 247.67348
385 38500.00 243.67115
386 38600.00 239.75110
387 38700.00 235.91753
388 38800.00 232.17397
389 38900.00 228.52332
390 39000.00 224.96797
391 39100.00 221.50978
392 39200.00 218.15023
393 39300.00 214.89042
394 39400.00 211.73111
395 39500.00 208.67280
396 39600.00 205.71574
397 39700.00 202.85996
398 39800.00 200.10531
399 39900.00 197.45150
400 40000.00 194.89808
401 40100.00 192.44448
402 40200.00 190.09004
403 40300.00 187.83403
404 40400.00 185.67560
405 40500.00 183.61388
406 40600.00 181.64792
407 40700.00 179.77674
408 40800.00 177.99930
409 40900.00 176.31454
410 41000.00 174.72136
411 41100.00 173.21864
412 41200.00 171.80524
413 41300.00 170.47999
414 41400.00 169.24170
415 41500.00 168.08917
416 41600.00 167.02117
417 41700.00 166.03645
418 41800.00 165.13376
419 41900.00 164.31182
420 42000.00 163.56933
421 42100.00 162.90495
422 42200.00 162.31736
423 42300.00 161.80517
424 42400.00 161.36698
425 42500.00 161.00136
426 42600.00 160.70684
427 42700.00 160.48192
428 42800.00 160.32504
429 42900.00 160.23460
430 43000.00 160.20896
431 43100.00 160.24639
432 43200.00 160.34513
433 43300.00 160.50333
434 43400.00 160.71905
435 43500.00 160.99029
436 43600.00 161.31493
437 43700.00 161.69075
438 43800.00 162.11542
439 43900.00 162.58648
440 44000.00 163.10133
441 44100.00 163.65720
442 44200.00 164.25119
443 44300.00 164.88017
444 44400.00 165.54083
445 44500.00 166.22966
446 44600.00 166.94287
447 44700.00 167.67644
448 44800.00 168.42605
449 44900.00 169.18708
450 45000.00 169.95457
451 45100.00 170.72319
452 45200.00 171.48724
453 45300.00 172.24058
454 45400.00 172.97663
455 45500.00 173.68833
456 45600.00 174.36810
457 45700.00 175.00784
458 45800.00 175.59889
459 45900.00 176.13199
460 46000.00 176.59731
461 46100.00 176.98442
462 46200.00 177.28232
463 46300.00 177.47944
464 46400.00 177.56371
465 46500.00 177.52264
466 46600.00 177.34340
467 46700.00 177.01298
468 46800.00 176.51834
469 46900.00 175.84667
470 47000.00 174.98561
471 47100.00 173.92356
472 47200.00 172.65005
473 47300.00 171.15602
474 47400.00 169.43427
475 47500.00 167.47974
476 47600.00 165.28986
477 47700.00 162.86479
478 47800.00 160.20760
479 47900.00 157.32430
480 48000.00 154.22382
481 48100.00 150.91781
482 48200.00 147.42041
483 48300.00 143.74778
484 48400.00 139.91776
485 48500.00 135.94934
486 48600.00 131.86218
487 48700.00 127.67618
488 48800.00 123.41104
489 48900.00 119.08591
490 49000.00 114.71910
491 49100.00 110.32788
492 49200.00 105.92831
493 49300.00 101.53517
494 49400.00 97.16187
495 49500.00 92.82054
496 49600.00 88.52197
497 49700.00 84.27573
498 49800.00 80.09021
499 49900.00 75.97274
500 50000.00 71.92964
501 50100.00 67.96632
502 50200.00 64.08740
503 50300.00 60.29674
504 50400.00 56.59755
505 50500.00 52.99249
506 50600.00 49.48368
507 50700.00 46.07280
508 50800.00 42.76112
509 50900.00 39.54959
510 51000.00 36.43883
511 51100.00 33.42922
512 51200.00 30.52090
513 51300.00 27.71381
514 51400.00 25.00773
515 51500.00 22.40228
516 51600.00 19.89696
517 51700.00 17.49117
518 51800.00 15.18419
519 51900.00 12.97523
520 52000.00 10.86345
521 52100.00 8.84793
522 52200.00 6.92770
523 52300.00 5.10175
524 52400.00 3.36904
525 52500.00 1.72848
526 52600.00 0.17897
527 52700.00 -1.28063
528 52800.00 -2.65146
529 52900.00 -3.93472
530 53000.00 -5.13160
531 53100.00 -6.24331
532 53200.00 -7.27108
533 53300.00 -8.21617
534 53400.00 -9.07984
535 53500.00 -9.86340
536 53600.00 -10.56814
537 53700.00 -11.19540
538 53800.00 -11.74654
539 53900.00 -12.22295
540 54000.00 -12.62604
541 54100.00 -12.95726
542 54200.00 -13.21810
543 54300.00 -13.41009
544 54400.00 -13.53479
545 54500.00 -13.59385
546 54600.00 -13.58892
547 54700.00 -13.52176
548 54800.00 -13.39418
549 54900.00 -13.20806
550 55000.00 -12.96537
551 55100.00 -12.66817
552 55200.00 -12.31862
553 55300.00 -11.91899
554 55400.00 -11.47169
555 55500.00 -10.97922
556 55600.00 -10.44428
557 55700.00 -9.86970
558 55800.00 -9.25847
559 55900.00 -8.61382
560 56000.00 -7.93915
561 56100.00 -7.23810
562 56200.00 -6.51458
563 56300.00 -5.77273
564 56400.00 -5.01703
565 56500.00 -4.25225
566 56600.00 -3.48353
567 56700.00 -2.71637
568 56800.00 -1.95668
569 56900.00 -1.21081
570 57000.00 -0.48556
571 57100.00 0.21175
572 57200.00 0.87331
573 57300.00 1.49074
574 57400.00 2.05509
575 57500.00 2.55684
576 57600.00 2.98587
577 57700.00 3.33146
578 57800.00 3.58235
579 57900.00 3.72670
580 58000.00 3.75225
581 58100.00 3.64632
582 58200.00 3.39597
583 58300.00 2.98815
584 58400.00 2.40991
585 58500.00 1.64861
586 58600.00 0.69223
587 58700.00 -0.47033
588 58800.00 -1.84892
589 58900.00 -3.45174
590 59000.00 -5.28501
591 59100.00 -7.35263
592 59200.00 -9.65586
593 59300.00 -12.19318
594 59400.00 -14.96011
595 59500.00 -17.94919
596 59600.00 -21.15018
597 59700.00 -24.55017
598 59800.00 -28.13402
599 59900.00 -31.88469
600 60000.00 -35.78372
601 60100.00 -39.81175
602 60200.00 -43.94895
603 60300.00 -48.17546
604 60400.00 -52.47181
605 60500.00 -56.81922
606 60600.00 -61.19986
607 60700.00 -65.59702
608 60800.00 -69.99526
609 60900.00 -74.38045
610 61000.00 -78.73979
611 61100.00 -83.06182
612 61200.00 -87.33634
613 61300.00 -91.55434
614 61400.00 -95.70796
615 61500.00 -99.79038
616 61600.00 -103.79572
617 61700.00 -107.71896
618 61800.00 -111.55586
619 61900.00 -115.30287
620 62000.00 -118.95706
621 62100.00 -122.51604
622 62200.00 -125.97792
623 62300.00 -129.34121
624 62400.00 -132.60480
625 62500.00 -135.76791
626 62600.00 -138.83003
627 62700.00 -141.79091
628 62800.00 -144.65050
629 62900.00 -147.40895
630 63000.00 -150.06656
631 63100.00 -152.62376
632 63200.00 -155.08111
633 63300.00 -157.43926
634 63400.00 -159.69898
635 63500.00 -161.86107
636 63600.00 -163.92641
637 63700.00 -165.89596
638 63800.00 -167.77070
639 63900.00 -169.55166
640 64000.00 -171.23989
641 64100.00 -172.83650
642 64200.00 -174.34260
643 64300.00 -175.75935
644 64400.00 -177.08790
645 64500.00 -178.32944
646 64600.00 -179.48519
647 64700.00 -180.55635
648 64800.00 -181.54418
649 64900.00 -182.44994
650 65000.00 -183.27490
651 65100.00 -184.02037
652 65200.00 -184.68766
653 65300.00 -185.27813
654 65400.00 -185.79313
655 65500.00 -186.23408
656 65600.00 -186.60241
657 65700.00 -186.89958
658 65800.00 -187.12710
659 65900.00 -187.28652
660 66000.00 -187.37943
661 66100.00 -187.40748
662 66200.00 -187.37239
663 66300.00 -187.27593
664 66400.00 -187.11994
665 66500.00 -186.90635
666 66600.00 -186.63717
667 66700.00 -186.31451
668 66800.00 -185.94057
669 66900.00 -185.51770
670 67000.00 -185.04834
671 67100.00 -184.53509
672 67200.00 -183.98071
673 67300.00 -183.38811
674 67400.00 -182.76039
675 67500.00 -182.10085
676 67600.00 -181.41302
677 67700.00 -180.70066
678 67800.00 -179.96778
679 67900.00 -179.21869
680 68000.00 -178.45800
681 68100.00 -177.69066
682 68200.00 -176.92198
683 68300.00 -176.15765
684 68400.00 -175.40379
685 68500.00 -174.66697
686 68600.00 -173.95422
687 68700.00 -173.27310
688 68800.00 -172.63169
689 68900.00 -172.03865
690 69000.00 -171.50319
691 69100.00 -171.03513
692 69200.00 -170.64488
693 69300.00 -170.34341
694 69400.00 -170.14228
695 69500.00 -170.05353
696 69600.00 -170.08964
697 69700.00 -170.26344
698 69800.00 -170.58793
699 69900.00 -171.07614
