300 30000.00 -221.69691
301 30100.00 -218.60625
302 30200.00 -215.55765
303 30300.00 -212.55290
304 30400.00 -209.59366
305 30500.00 -206.68145
306 30600.00 -203.81765
307 30700.00 -201.00355
308 30800.00 -198.24032
309 30900.00 -195.52904
310 31000.00 -192.87072
311 31100.00 -190.26628
312 31200.00 -187.71659
313 31300.00 -185.22242
314 31400.00 -182.78454
315 31500.00 -180.40362
316 31600.00 -178.08031
317 31700.00 -175.81522
318 31800.00 -173.60891
319 31900.00 -171.46191
320 32000.00 -169.37474
321 32100.00 -167.34786
322 32200.00 -165.38173
323 32300.00 -163.47677
324 32400.00 -161.63341
325 32500.00 -159.85204
326 32600.00 -158.13302
327 32700.00 -156.47673
328 32800.00 -154.88352
329 32900.00 -153.35371
330 33000.00 -151.88764
331 33100.00 -150.48563
332 33200.00 -149.14798
333 33300.00 -147.87500
334 33400.00 -146.66696
335 33500.00 -145.52415
336 33600.00 -144.44684
337 33700.00 -143.43530
338 33800.00 -142.48977
339 33900.00 -141.61052
340 34000.00 -140.79776
341 34100.00 -140.05172
342 34200.00 -139.37262
343 34300.00 -138.76066
344 34400.00 -138.21601
345 34500.00 -137.73885
346 34600.00 -137.32932
347 34700.00 -136.98755
348 34800.00 -136.71364
349 34900.00 -136.50766
350 35000.00 -136.36967
351 35100.00 -136.29966
352 35200.00 -136.29761
353 35300.00 -136.36345
354 35400.00 -136.49703
355 35500.00 -136.69819
356 35600.00 -136.96666
357 35700.00 -137.30213
358 35800.00 -137.70419
359 35900.00 -138.17232
360 36000.00 -138.70594
361 36100.00 -139.30430
362 36200.00 -139.96655
363 36300.00 -140.69166
364 36400.00 -141.47847
365 36500.00 -142.32559
366 36600.00 -143.23143
367 36700.00 -144.19416
368 36800.00 -145.21169
369 36900.00 -146.28162
370 37000.00 -147.40120
371 37100.00 -148.56734
372 37200.00 -149.77653
373 37300.00 -151.02477
374 37400.00 -152.30760
375 37500.00 -153.61997
376 37600.00 -154.95627
377 37700.00 -156.31018
378 37800.00 -157.67472
379 37900.00 -159.04213
380 38000.00 -160.40385
381 38100.00 -161.75050
382 38200.00 -163.07183
383 38300.00 -164.35674
384 38400.00 -165.59326
385 38500.00 -166.76865
386 38600.00 -167.86942
387 38700.00 -168.88150
388 38800.00 -169.79035
389 38900.00 -170.58122
390 39000.00 -171.23936
391 39100.00 -171.75038
392 39200.00 -172.10050
393 39300.00 -172.27699
394 39400.00 -172.26844
395 39500.00 -172.06519
396 39600.00 -171.65954
397 39700.00 -171.04604
398 39800.00 -170.22164
399 39900.00 -169.18571
400 40000.00 -167.94009
401 40100.00 -166.48887
402 40200.00 -164.83830
403 40300.00 -162.99643
404 40400.00 -160.97289
405 40500.00 -158.77850
406 40600.00 -156.42501
407 40700.00 -153.92476
408 40800.00 -151.29040
409 40900.00 -148.53464
410 41000.00 -145.67008
411 41100.00 -142.70899
412 41200.00 -139.66323
413 41300.00 -136.54412
414 41400.00 -133.36239
415 41500.00 -130.12814
416 41600.00 -126.85083
417 41700.00 -123.53926
418 41800.00 -120.20159
419 41900.00 -116.84536
420 42000.00 -113.47753
421 42100.00 -110.10449
422 42200.00 -106.73211
423 42300.00 -103.36575
424 42400.00 -100.01033
425 42500.00 -96.67035
426 42600.00 -93.34992
427 42700.00 -90.05278
428 42800.00 -86.78236
429 42900.00 -83.54178
430 43000.00 -80.33391
431 43100.00 -77.16133
432 43200.00 -74.02644
433 43300.00 -70.93141
434 43400.00 -67.87823
435 43500.00 -64.86872
436 43600.00 -61.90455
437 43700.00 -58.98725
438 43800.00 -56.11823
439 43900.00 -53.29876
440 44000.00 -50.53005
441 44100.00 -47.81318
442 44200.00 -45.14916
443 44300.00 -42.53893
444 44400.00 -39.98335
445 44500.00 -37.48323
446 44600.00 -35.03931
447 44700.00 -32.65228
448 44800.00 -30.32279
449 44900.00 -28.05146
450 45000.00 -25.83885
451 45100.00 -23.68550
452 45200.00 -21.59192
453 45300.00 -19.55858
454 45400.00 -17.58595
455 45500.00 -15.67445
456 45600.00 -13.82449
457 45700.00 -12.03648
458 45800.00 -10.31080
459 45900.00 -8.64779
460 46000.00 -7.04783
461 46100.00 -5.51124
462 46200.00 -4.03836
463 46300.00 -2.62950
464 46400.00 -1.28497
465 46500.00 -0.00506
466 46600.00 1.20992
467 46700.00 2.35970
468 46800.00 3.44401
469 46900.00 4.46259
470 47000.00 5.41517
471 47100.00 6.30151
472 47200.00 7.12137
473 47300.00 7.87454
474 47400.00 8.56079
475 47500.00 9.17993
476 47600.00 9.73177
477 47700.00 10.21614
478 47800.00 10.63289
479 47900.00 10.98190
480 48000.00 11.26306
481 48100.00 11.47628
482 48200.00 11.62153
483 48300.00 11.69879
484 48400.00 11.70809
485 48500.00 11.64950
486 48600.00 11.52313
487 48700.00 11.32918
488 48800.00 11.06787
489 48900.00 10.73954
490 49000.00 10.34457
491 49100.00 9.88345
492 49200.00 9.35680
493 49300.00 8.76531
494 49400.00 8.10983
495 49500.00 7.39137
496 49600.00 6.61108
497 49700.00 5.77033
498 49800.00 4.87067
499 49900.00 3.91391
500 50000.00 2.90212
501 50100.00 1.83767
502 50200.00 0.72324
503 50300.00 -0.43810
504 50400.00 -1.64286
505 50500.00 -2.88714
506 50600.00 -4.16651
507 50700.00 -5.47599
508 50800.00 -6.81002
509 50900.00 -8.16238
510 51000.00 -9.52614
511 51100.00 -10.89363
512 51200.00 -12.25640
513 51300.00 -13.60513
514 51400.00 -14.92967
515 51500.00 -16.21902
516 51600.00 -17.46130
517 51700.00 -18.64385
518 51800.00 -19.75324
519 51900.00 -20.77547
520 52000.00 -21.69604
521 52100.00 -22.50020
522 52200.00 -23.17321
523 52300.00 -23.70059
524 52400.00 -24.06851
525 52500.00 -24.26410
526 52600.00 -24.27579
527 52700.00 -24.09372
528 52800.00 -23.70997
529 52900.00 -23.11884
530 53000.00 -22.31702
531 53100.00 -21.30362
532 53200.00 -20.08021
533 53300.00 -18.65068
534 53400.00 -17.02103
535 53500.00 -15.19914
536 53600.00 -13.19448
537 53700.00 -11.01778
538 53800.00 -8.68069
539 53900.00 -6.19551
540 54000.00 -3.57485
541 54100.00 -0.83144
542 54200.00 2.02210
543 54300.00 4.97346
544 54400.00 8.01074
545 54500.00 11.12255
546 54600.00 14.29809
547 54700.00 17.52719
548 54800.00 20.80034
549 54900.00 24.10865
550 55000.00 27.44391
551 55100.00 30.79850
552 55200.00 34.16540
553 55300.00 37.53817
554 55400.00 40.91089
555 55500.00 44.27814
556 55600.00 47.63494
557 55700.00 50.97677
558 55800.00 54.29948
559 55900.00 57.59927
560 56000.00 60.87269
561 56100.00 64.11660
562 56200.00 67.32809
563 56300.00 70.50455
564 56400.00 73.64357
565 56500.00 76.74295
566 56600.00 79.80069
567 56700.00 82.81494
568 56800.00 85.78402
569 56900.00 88.70639
570 57000.00 91.58063
571 57100.00 94.40545
572 57200.00 97.17963
573 57300.00 99.90208
574 57400.00 102.57178
575 57500.00 105.18780
576 57600.00 107.74924
577 57700.00 110.25532
578 57800.00 112.70528
579 57900.00 115.09841
580 58000.00 117.43407
581 58100.00 119.71163
582 58200.00 121.93053
583 58300.00 124.09023
584 58400.00 126.19022
585 58500.00 128.23001
586 58600.00 130.20914
587 58700.00 132.12718
588 58800.00 133.98372
589 58900.00 135.77836
590 59000.00 137.51072
591 59100.00 139.18043
592 59200.00 140.78713
593 59300.00 142.33050
594 59400.00 143.81020
595 59500.00 145.22590
596 59600.00 146.57731
597 59700.00 147.86413
598 59800.00 149.08605
599 59900.00 150.24281
600 60000.00 151.33412
601 60100.00 152.35972
602 60200.00 153.31935
603 60300.00 154.21277
604 60400.00 155.03975
605 60500.00 155.80004
606 60600.00 156.49344
607 60700.00 157.11975
608 60800.00 157.67878
609 60900.00 158.17036
610 61000.00 158.59433
611 61100.00 158.95058
612 61200.00 159.23898
613 61300.00 159.45946
614 61400.00 159.61196
615 61500.00 159.69648
616 61600.00 159.71302
617 61700.00 159.66167
618 61800.00 159.54253
619 61900.00 159.35578
620 62000.00 159.10165
621 62100.00 158.78045
622 62200.00 158.39257
623 62300.00 157.93849
624 62400.00 157.41879
625 62500.00 156.83418
626 62600.00 156.18549
627 62700.00 155.47369
628 62800.00 154.69995
629 62900.00 153.86557
630 63000.00 152.97212
631 63100.00 152.02136
632 63200.00 151.01534
633 63300.00 149.95638
634 63400.00 148.84715
635 63500.00 147.69066
636 63600.00 146.49035
637 63700.00 145.25008
638 63800.00 143.97423
639 63900.00 142.66771
640 64000.00 141.33602
641 64100.00 139.98530
642 64200.00 138.62240
643 64300.00 137.25492
644 64400.00 135.89122
645 64500.00 134.54052
646 64600.00 133.21289
647 64700.00 131.91923
648 64800.00 130.67134
649 64900.00 129.48179
650 65000.00 128.36393
651 65100.00 127.33172
652 65200.00 126.39960
653 65300.00 125.58231
654 65400.00 124.89461
655 65500.00 124.35101
656 65600.00 123.96544
657 65700.00 123.75089
658 65800.00 123.71907
659 65900.00 123.88005
660 66000.00 124.24196
661 66100.00 124.81076
662 66200.00 125.59001
663 66300.00 126.58087
664 66400.00 127.78201
665 66500.00 129.18980
666 66600.00 130.79844
667 66700.00 132.60024
668 66800.00 134.58588
669 66900.00 136.74476
670 67000.00 139.06531
671 67100.00 141.53530
672 67200.00 144.14210
673 67300.00 146.87302
674 67400.00 149.71540
675 67500.00 152.65690
676 67600.00 155.68556
677 67700.00 158.78993
678 67800.00 161.95917
679 67900.00 165.18302
680 68000.00 168.45190
681 68100.00 171.75687
682 68200.00 175.08963
683 68300.00 178.44250
684 68400.00 181.80840
685 68500.00 185.18084
686 68600.00 188.55383
687 68700.00 191.92190
688 68800.00 195.28005
689 68900.00 198.62368
690 69000.00 201.94861
691 69100.00 205.25102
692 69200.00 208.52741
693 69300.00 211.77461
694 69400.00 214.98969
695 69500.00 218.17001
696 69600.00 221.31313
697 69700.00 224.41684
698 69800.00 227.47911
699 69900.00 230.49809
